# JRE version: Java(TM) SE Runtime Environment (20.0.1+9) (build 20.0.1+9-29)
# Java VM: Java HotSpot(TM) 64-Bit Server VM (20.0.1+9-29, mixed mode, sharing, tiered, compressed oops, compressed class ptrs, g1 gc, windows-amd64)
GC Precious Log:
 CardTable entry size: 512
 Card Set container configuration: InlinePtr #cards 4 size 8 Array Of Cards #cards 16 size 48 Howl #buckets 8 coarsen threshold 3686 Howl Bitmap #cards 512 size 80 coarsen threshold 460 Card regions per heap region 1 cards per card region 4096
 CPUs: 16 total, 16 available
 Memory: 14197M
 Large Page Support: Disabled
 NUMA Support: Disabled
 Compressed Oops: Enabled (Zero based)
 Heap Region Size: 2M
 Heap Min Capacity: 8M
 Heap Initial Capacity: 222M
 Heap Max Capacity: 3550M
 Pre-touch: Disabled
 Parallel Workers: 13
 Concurrent Workers: 3
 Concurrent Refinement Workers: 13
 Periodic GC: Disabled
Heap:
 garbage-first heap   total 96256K, used 94227K [0x0000000722200000, 0x0000000800000000)
  region size 2048K, 34 young (69632K), 0 survivors (0K)
 Metaspace       used 28689K, committed 29120K, reserved 1114112K
  class space    used 3211K, committed 3392K, reserved 1048576K
GC Heap History (9 events):
Event: 0.816 GC heap before
{Heap before GC invocations=0 (full 0):
 garbage-first heap   total 227328K, used 22528K [0x0000000722200000, 0x0000000800000000)
  region size 2048K, 11 young (22528K), 0 survivors (0K)
 Metaspace       used 5468K, committed 5696K, reserved 1114112K
  class space    used 632K, committed 768K, reserved 1048576K
}
Event: 0.821 GC heap after
{Heap after GC invocations=1 (full 0):
 garbage-first heap   total 227328K, used 3878K [0x0000000722200000, 0x0000000800000000)
  region size 2048K, 2 young (4096K), 2 survivors (4096K)
 Metaspace       used 5468K, committed 5696K, reserved 1114112K
  class space    used 632K, committed 768K, reserved 1048576K
}
Event: 1.549 GC heap before
{Heap before GC invocations=1 (full 0):
 garbage-first heap   total 227328K, used 36646K [0x0000000722200000, 0x0000000800000000)
  region size 2048K, 18 young (36864K), 2 survivors (4096K)
 Metaspace       used 9297K, committed 9536K, reserved 1114112K
  class space    used 1097K, committed 1216K, reserved 1048576K
}
Event: 1.554 GC heap after
{Heap after GC invocations=2 (full 0):
 garbage-first heap   total 227328K, used 5334K [0x0000000722200000, 0x0000000800000000)
  region size 2048K, 1 young (2048K), 1 survivors (2048K)
 Metaspace       used 9297K, committed 9536K, reserved 1114112K
  class space    used 1097K, committed 1216K, reserved 1048576K
}
Event: 6.368 GC heap before
{Heap before GC invocations=2 (full 0):
 garbage-first heap   total 227328K, used 138454K [0x0000000722200000, 0x0000000800000000)
  region size 2048K, 66 young (135168K), 1 survivors (2048K)
 Metaspace       used 18681K, committed 19072K, reserved 1114112K
  class space    used 2079K, committed 2240K, reserved 1048576K
}
Event: 6.380 GC heap after
{Heap after GC invocations=3 (full 0):
 garbage-first heap   total 227328K, used 16125K [0x0000000722200000, 0x0000000800000000)
  region size 2048K, 7 young (14336K), 7 survivors (14336K)
 Metaspace       used 18681K, committed 19072K, reserved 1114112K
  class space    used 2079K, committed 2240K, reserved 1048576K
}
Event: 6.788 GC heap before
{Heap before GC invocations=3 (full 0):
 garbage-first heap   total 227328K, used 34557K [0x0000000722200000, 0x0000000800000000)
  region size 2048K, 16 young (32768K), 7 survivors (14336K)
 Metaspace       used 21202K, committed 21504K, reserved 1114112K
  class space    used 2409K, committed 2496K, reserved 1048576K
}
Event: 6.800 GC heap after
{Heap after GC invocations=4 (full 0):
 garbage-first heap   total 227328K, used 24595K [0x0000000722200000, 0x0000000800000000)
  region size 2048K, 3 young (6144K), 3 survivors (6144K)
 Metaspace       used 21202K, committed 21504K, reserved 1114112K
  class space    used 2409K, committed 2496K, reserved 1048576K
}
Event: 9.661 GC heap before
{Heap before GC invocations=5 (full 0):
 garbage-first heap   total 96256K, used 94227K [0x0000000722200000, 0x0000000800000000)
  region size 2048K, 37 young (75776K), 3 survivors (6144K)
 Metaspace       used 28689K, committed 29120K, reserved 1114112K
  class space    used 3211K, committed 3392K, reserved 1048576K
}

